<?xml version="1.0" encoding="UTF-8"?>
<!-- Generated by org.testng.reporters.JUnitReportReporter -->
<testsuite hostname="DELL-PC" name="com.Browsersetup.Login" tests="1" failures="0" timestamp="17 Jun 2017 15:51:17 GMT" time="22.636" errors="0">
  <testcase name="launchBrowser" time="22.636" classname="com.Browsersetup.Login"/>
</testsuite> <!-- com.Browsersetup.Login -->
